CRITICAL - 2023-03-09 19:06:03 --> Class "Locale" not found
in SYSTEMPATH\CodeIgniter.php on line 186.
 1 ROOTPATH\spark(83): CodeIgniter\CodeIgniter->initialize()
CRITICAL - 2023-03-09 19:07:11 --> Class "Locale" not found
in SYSTEMPATH\CodeIgniter.php on line 186.
 1 ROOTPATH\spark(83): CodeIgniter\CodeIgniter->initialize()
CRITICAL - 2023-03-09 19:08:34 --> Class "Locale" not found
in SYSTEMPATH\CodeIgniter.php on line 186.
 1 ROOTPATH\spark(83): CodeIgniter\CodeIgniter->initialize()
ERROR - 2023-03-09 13:34:47 --> mysqli_sql_exception: Duplicate entry '' for key 'PRIMARY' in C:\xampp\htdocs\codeigniter4\system\Database\MySQLi\Connection.php:292
Stack trace:
#0 C:\xampp\htdocs\codeigniter4\system\Database\MySQLi\Connection.php(292): mysqli->query('INSERT INTO `ma...', 0)
#1 C:\xampp\htdocs\codeigniter4\system\Database\BaseConnection.php(666): CodeIgniter\Database\MySQLi\Connection->execute('INSERT INTO `ma...')
#2 C:\xampp\htdocs\codeigniter4\system\Database\BaseConnection.php(593): CodeIgniter\Database\BaseConnection->simpleQuery('INSERT INTO `ma...')
#3 C:\xampp\htdocs\codeigniter4\system\Database\BaseBuilder.php(1916): CodeIgniter\Database\BaseConnection->query('INSERT INTO `ma...', Array, false)
#4 C:\xampp\htdocs\codeigniter4\app\Models\MData.php(16): CodeIgniter\Database\BaseBuilder->insert(Array)
#5 C:\xampp\htdocs\codeigniter4\app\Controllers\Data.php(38): App\Models\MData->saveData(Array)
#6 C:\xampp\htdocs\codeigniter4\system\CodeIgniter.php(927): App\Controllers\Data->saveData()
#7 C:\xampp\htdocs\codeigniter4\system\CodeIgniter.php(482): CodeIgniter\CodeIgniter->runController(Object(App\Controllers\Data))
#8 C:\xampp\htdocs\codeigniter4\system\CodeIgniter.php(351): CodeIgniter\CodeIgniter->handleRequest(NULL, Object(Config\Cache), false)
#9 C:\xampp\htdocs\codeigniter4\public\index.php(67): CodeIgniter\CodeIgniter->run()
#10 C:\xampp\htdocs\codeigniter4\system\Commands\Server\rewrite.php(46): require_once('C:\\xampp\\htdocs...')
#11 {main}
CRITICAL - 2023-03-09 13:34:47 --> Duplicate entry '' for key 'PRIMARY'
in SYSTEMPATH\Database\MySQLi\Connection.php on line 292.
 1 SYSTEMPATH\Database\MySQLi\Connection.php(292): mysqli->query('INSERT INTO `mahasiswa` (`nim`, `nama`, `fakultas`, `alamat`) VALUES (\'\', \'Hafidz Nurul Iman\', \'Teknik Informatika\', \'Curug, Kab.Tangerang - Banten\')', 0)
 2 SYSTEMPATH\Database\BaseConnection.php(666): CodeIgniter\Database\MySQLi\Connection->execute('INSERT INTO `mahasiswa` (`nim`, `nama`, `fakultas`, `alamat`) VALUES (\'\', \'Hafidz Nurul Iman\', \'Teknik Informatika\', \'Curug, Kab.Tangerang - Banten\')')
 3 SYSTEMPATH\Database\BaseConnection.php(593): CodeIgniter\Database\BaseConnection->simpleQuery('INSERT INTO `mahasiswa` (`nim`, `nama`, `fakultas`, `alamat`) VALUES (\'\', \'Hafidz Nurul Iman\', \'Teknik Informatika\', \'Curug, Kab.Tangerang - Banten\')')
 4 SYSTEMPATH\Database\BaseBuilder.php(1916): CodeIgniter\Database\BaseConnection->query('INSERT INTO `mahasiswa` (`nim`, `nama`, `fakultas`, `alamat`) VALUES (:nim:, :nama:, :fakultas:, :alamat:)', [...], false)
 5 APPPATH\Models\MData.php(16): CodeIgniter\Database\BaseBuilder->insert([...])
 6 APPPATH\Controllers\Data.php(38): App\Models\MData->saveData([...])
 7 SYSTEMPATH\CodeIgniter.php(927): App\Controllers\Data->saveData()
 8 SYSTEMPATH\CodeIgniter.php(482): CodeIgniter\CodeIgniter->runController(Object(App\Controllers\Data))
 9 SYSTEMPATH\CodeIgniter.php(351): CodeIgniter\CodeIgniter->handleRequest(null, Object(Config\Cache), false)
10 FCPATH\index.php(67): CodeIgniter\CodeIgniter->run()
11 SYSTEMPATH\Commands\Server\rewrite.php(46): require_once('FCPATH\\index.php')
CRITICAL - 2023-03-09 13:35:01 --> Too few arguments to function App\Controllers\Data::editData(), 0 passed in C:\xampp\htdocs\codeigniter4\system\CodeIgniter.php on line 927 and exactly 1 expected
in APPPATH\Controllers\Data.php on line 42.
 1 SYSTEMPATH\CodeIgniter.php(927): App\Controllers\Data->editData()
 2 SYSTEMPATH\CodeIgniter.php(482): CodeIgniter\CodeIgniter->runController(Object(App\Controllers\Data))
 3 SYSTEMPATH\CodeIgniter.php(351): CodeIgniter\CodeIgniter->handleRequest(null, Object(Config\Cache), false)
 4 FCPATH\index.php(67): CodeIgniter\CodeIgniter->run()
 5 SYSTEMPATH\Commands\Server\rewrite.php(46): require_once('FCPATH\\index.php')
CRITICAL - 2023-03-09 13:35:04 --> Too few arguments to function App\Controllers\Data::editData(), 0 passed in C:\xampp\htdocs\codeigniter4\system\CodeIgniter.php on line 927 and exactly 1 expected
in APPPATH\Controllers\Data.php on line 42.
 1 SYSTEMPATH\CodeIgniter.php(927): App\Controllers\Data->editData()
 2 SYSTEMPATH\CodeIgniter.php(482): CodeIgniter\CodeIgniter->runController(Object(App\Controllers\Data))
 3 SYSTEMPATH\CodeIgniter.php(351): CodeIgniter\CodeIgniter->handleRequest(null, Object(Config\Cache), false)
 4 FCPATH\index.php(67): CodeIgniter\CodeIgniter->run()
 5 SYSTEMPATH\Commands\Server\rewrite.php(46): require_once('FCPATH\\index.php')
CRITICAL - 2023-03-09 13:35:17 --> Too few arguments to function App\Controllers\Data::hapusData(), 0 passed in C:\xampp\htdocs\codeigniter4\system\CodeIgniter.php on line 927 and exactly 1 expected
in APPPATH\Controllers\Data.php on line 62.
 1 SYSTEMPATH\CodeIgniter.php(927): App\Controllers\Data->hapusData()
 2 SYSTEMPATH\CodeIgniter.php(482): CodeIgniter\CodeIgniter->runController(Object(App\Controllers\Data))
 3 SYSTEMPATH\CodeIgniter.php(351): CodeIgniter\CodeIgniter->handleRequest(null, Object(Config\Cache), false)
 4 FCPATH\index.php(67): CodeIgniter\CodeIgniter->run()
 5 SYSTEMPATH\Commands\Server\rewrite.php(46): require_once('FCPATH\\index.php')
